<?xml version="1.0" encoding="UTF-8"?>
<testsuite name="com.spothero.engmgrtakehomechallenge.users.UsersControllerUnitTests" tests="1" skipped="0" failures="0" errors="0" timestamp="2021-09-12T02:00:58" hostname="Kartiks-MBP" time="0.003">
  <properties/>
  <testcase name="when get then return()" classname="com.spothero.engmgrtakehomechallenge.users.UsersControllerUnitTests" time="0.003"/>
  <system-out><![CDATA[]]></system-out>
  <system-err><![CDATA[]]></system-err>
</testsuite>
